This is pdfTeX, Version 3.14159265-2.6-1.40.17 (TeX Live 2016) (preloaded format=pdflatex 2017.3.14)  19 SEP 2017 10:02
entering extended mode
 restricted \write18 enabled.
 file:line:error style messages enabled.
 %&-line parsing enabled.
**struktogramm.tex
(./struktogramm.tex
LaTeX2e <2016/03/31>
Babel <3.9r> and hyphenation patterns for 83 language(s) loaded.
(/usr/local/texlive/2016/texmf-dist/tex/latex/base/article.cls
Document Class: article 2014/09/29 v1.4h Standard LaTeX document class
(/usr/local/texlive/2016/texmf-dist/tex/latex/base/size10.clo
File: size10.clo 2014/09/29 v1.4h Standard LaTeX file (size option)
)
\c@part=\count79
\c@section=\count80
\c@subsection=\count81
\c@subsubsection=\count82
\c@paragraph=\count83
\c@subparagraph=\count84
\c@figure=\count85
\c@table=\count86
\abovecaptionskip=\skip41
\belowcaptionskip=\skip42
\bibindent=\dimen102
)
(/usr/local/texlive/2016/texmf-dist/tex/latex/struktex/struktex.sty
Package: struktex 2012/04/10 v141  Nassi Shneiderman Charts (Jobst Hoffmann)

(/usr/local/texlive/2016/texmf-dist/tex/latex/base/ifthen.sty
Package: ifthen 2014/09/29 v1.1c Standard LaTeX ifthen package (DPC)
)
(/usr/local/texlive/2016/texmf-dist/tex/latex/struktex/struktxf.sty
Package: struktxf 2012/04/10 v141  Fonts for Nassi Shneiderman Charts (Jobst Ho
ffmann)
\symitalics=\mathgroup4
\symAMSb=\mathgroup5
)
(/usr/local/texlive/2016/texmf-dist/tex/latex/struktex/struktxp.sty
Package: struktxp 2012/04/10 v141  Keywords for Nassi Shneiderman Charts (Jobst
 Hoffmann)

(/usr/local/texlive/2016/texmf-dist/tex/latex/url/url.sty
\Urlmuskip=\muskip10
Package: url 2013/09/16  ver 3.4  Verb mode for urls, etc.
))
(/usr/local/texlive/2016/texmf-dist/tex/latex/pict2e/pict2e.sty
Package: pict2e 2016/02/05 v0.3b Improved picture commands (HjG,RN,JT)

(/usr/local/texlive/2016/texmf-dist/tex/latex/pict2e/pict2e.cfg
File: pict2e.cfg 2016/02/05 v0.1u pict2e configuration for teTeX/TeXLive
)
Package pict2e Info: Driver file: pdftex.def on input line 119.

(/usr/local/texlive/2016/texmf-dist/tex/latex/pdftex-def/pdftex.def
File: pdftex.def 2011/05/27 v0.06d Graphics/color for pdfTeX

(/usr/local/texlive/2016/texmf-dist/tex/generic/oberdiek/infwarerr.sty
Package: infwarerr 2016/05/16 v1.4 Providing info/warning/error messages (HO)
)
(/usr/local/texlive/2016/texmf-dist/tex/generic/oberdiek/ltxcmds.sty
Package: ltxcmds 2016/05/16 v1.23 LaTeX kernel commands for general use (HO)
)
\Gread@gobject=\count87
)
Package pict2e Info: Driver file for pict2e: p2e-pdftex.def on input line 121.

(/usr/local/texlive/2016/texmf-dist/tex/latex/pict2e/p2e-pdftex.def
File: p2e-pdftex.def 2016/02/05 v0.1u Driver-dependant file (RN,HjG,JT)
)
(/usr/local/texlive/2016/texmf-dist/tex/latex/graphics/trig.sty
Package: trig 2016/01/03 v1.10 sin cos tan (DPC)
)
\pIIe@GRAPH=\toks14
\@arclen=\dimen103
\@arcrad=\dimen104
\@tempdimd=\dimen105
)
\savelength@nss=\dimen106
\gx@nss=\count88
\gy@nss=\count89
\gsize@nss=\count90
\TextBox@nss=\box26
\TextBoxHt@nss=\dimen107
\descriptionindent=\skip43
\descriptionwidth=\skip44
\descriptionsep=\skip45
\descriptionwidth@nss=\skip46
\indentmeasure@nss=\dimen108
\indentmeasureright@nss=\dimen109
\thisindent@nss=\dimen110
\thisindentright@nss=\dimen111
\thislength@nss=\dimen112
\CenterBox@nss=\box27
)
(/Users/ashura/Documents/Projects/HF-ICT/OOP1/Aufgabe 9/Vorzeichen/out/struktog
ramm.aux)
\openout1 = `struktogramm.aux'.

LaTeX Font Info:    Checking defaults for OML/cmm/m/it on input line 5.
LaTeX Font Info:    ... okay on input line 5.
LaTeX Font Info:    Checking defaults for T1/cmr/m/n on input line 5.
LaTeX Font Info:    ... okay on input line 5.
LaTeX Font Info:    Checking defaults for OT1/cmr/m/n on input line 5.
LaTeX Font Info:    ... okay on input line 5.
LaTeX Font Info:    Checking defaults for OMS/cmsy/m/n on input line 5.
LaTeX Font Info:    ... okay on input line 5.
LaTeX Font Info:    Checking defaults for OMX/cmex/m/n on input line 5.
LaTeX Font Info:    ... okay on input line 5.
LaTeX Font Info:    Checking defaults for U/cmr/m/n on input line 5.
LaTeX Font Info:    ... okay on input line 5.

(/usr/local/texlive/2016/texmf-dist/tex/context/base/mkii/supp-pdf.mkii
[Loading MPS to PDF converter (version 2006.09.02).]
\scratchcounter=\count91
\scratchdimen=\dimen113
\scratchbox=\box28
\nofMPsegments=\count92
\nofMParguments=\count93
\everyMPshowfont=\toks15
\MPscratchCnt=\count94
\MPscratchDim=\dimen114
\MPnumerator=\count95
\makeMPintoPDFobject=\count96
\everyMPtoPDFconversion=\toks16
)
===> dbg String: Beginn \str@kt
===> dbg String: rectangle size
===> dbg Coord:  (Ursprung) (\x@nss, \y@nss) = (0, 40000)
===> dbg Count:  (Breite) \xsize@nss = 100000
===> dbg String: Beginn \@assign
===> dbg Coord:  (Ursprung) (\x@nss, \y@nss) = (0, 40000)
===> dbg Count:  (Breite) \xsize@nss = 100000
===> dbg String: Beginn \set@nss
===> dbg String: Beginn \block@nss
===> dbg Count:  \ydepth@nss = 0
===> dbg Count:  (original) \TextBoxHt@nss = 14.57942pt
===> dbg Count:  (korrigiert) \TextBoxHt@nss = 14.57942pt
===> dbg Count:  (skaliert) \TextBoxHt@nss = 0.07808pt
===> dbg Coord:  (Ursprung) (\x@nss, \y@nss) = (0, 34883)
===> dbg Coord:  (Breite, Hoehe) (\xsize@nss, \ydepth@nss) = (100000, 5117)
===> dbg String: Ende \@assign
===> dbg Coord:  (Ursprung) (\x@nss, \y@nss) = (0, 34883)
===> dbg String: Beginn \@assign
===> dbg Coord:  (Ursprung) (\x@nss, \y@nss) = (0, 34883)
===> dbg Count:  (Breite) \xsize@nss = 100000
===> dbg String: Beginn \set@nss
===> dbg String: Beginn \block@nss
===> dbg Count:  \ydepth@nss = 5117
===> dbg Count:  (original) \TextBoxHt@nss = 14.57942pt
===> dbg Count:  (korrigiert) \TextBoxHt@nss = 14.57942pt
===> dbg Count:  (skaliert) \TextBoxHt@nss = 0.07808pt
===> dbg Coord:  (Ursprung) (\x@nss, \y@nss) = (0, 29766)
===> dbg Coord:  (Breite, Hoehe) (\xsize@nss, \ydepth@nss) = (100000, 5117)
===> dbg String: Ende \@assign
===> dbg Coord:  (Ursprung) (\x@nss, \y@nss) = (0, 29766)
===> dbg String: Beginn \@ifthenelse@nss

Overfull \hbox (17.22227pt too wide) in paragraph at lines 11--11
[]\OT1/cmr/m/n/10 .0pt 
 []


Underfull \hbox (badness 5374) in paragraph at lines 11--11
 |\OT1/cmr/m/n/10 Ist num gleich 0? 
 []

===> dbg String: Beginn \str@kt
===> dbg String: rectangle size
===> dbg Coord:  (Ursprung) (\x@nss, \y@nss) = (0, 4766)
===> dbg Count:  (Breite) \xsize@nss = 50000
===> dbg String: Ende \@ifthenelse@nss
===> dbg String: Beginn \@assign
===> dbg Coord:  (Ursprung) (\x@nss, \y@nss) = (0, 4766)
===> dbg Count:  (Breite) \xsize@nss = 50000
===> dbg String: Beginn \set@nss

Underfull \hbox (badness 1902) in paragraph at lines 12--12
\OT1/cmr/m/n/10 Ausgabe: "Die Zahl ist
 []

===> dbg String: Beginn \block@nss
===> dbg Count:  \ydepth@nss = 5117
===> dbg Count:  (original) \TextBoxHt@nss = 24.63498pt
===> dbg Count:  (korrigiert) \TextBoxHt@nss = 24.63498pt
===> dbg Count:  (skaliert) \TextBoxHt@nss = 0.13193pt
===> dbg Coord:  (Ursprung) (\x@nss, \y@nss) = (0, -3880)
===> dbg Coord:  (Breite, Hoehe) (\xsize@nss, \ydepth@nss) = (50000, 8646)
===> dbg String: Ende \@assign
===> dbg Coord:  (Ursprung) (\x@nss, \y@nss) = (0, -3880)
===> dbg String: Beginn \@assign
===> dbg Coord:  (Ursprung) (\x@nss, \y@nss) = (0, -3880)
===> dbg Count:  (Breite) \xsize@nss = 50000
===> dbg String: Beginn \set@nss
===> dbg String: Beginn \block@nss
===> dbg Count:  \ydepth@nss = 8646
===> dbg Count:  (original) \TextBoxHt@nss = 14.57942pt
===> dbg Count:  (korrigiert) \TextBoxHt@nss = 14.57942pt
===> dbg Count:  (skaliert) \TextBoxHt@nss = 0.07808pt
===> dbg Coord:  (Ursprung) (\x@nss, \y@nss) = (0, -8997)
===> dbg Coord:  (Breite, Hoehe) (\xsize@nss, \ydepth@nss) = (50000, 5117)
===> dbg String: Ende \@assign
===> dbg Coord:  (Ursprung) (\x@nss, \y@nss) = (0, -8997)
===> dbg String: \change
===> dbg String: Ende \str@kt
===> dbg String: Beginn \str@kt
===> dbg String: rectangle size
===> dbg Coord:  (Ursprung) (\x@nss, \y@nss) = (50000, 4766)
===> dbg Count:  (Breite) \xsize@nss = 50000
===> dbg String: Beginn \@ifthenelse@nss

Overfull \hbox (17.22227pt too wide) in paragraph at lines 17--17
[]\OT1/cmr/m/n/10 .0pt 
 []

===> dbg String: Beginn \str@kt
===> dbg String: rectangle size
===> dbg Coord:  (Ursprung) (\x@nss, \y@nss) = (50000, -7734)
===> dbg Count:  (Breite) \xsize@nss = 25000
===> dbg String: Ende \@ifthenelse@nss
===> dbg String: Beginn \@assign
===> dbg Coord:  (Ursprung) (\x@nss, \y@nss) = (50000, -7734)
===> dbg Count:  (Breite) \xsize@nss = 25000
===> dbg String: Beginn \set@nss

Underfull \hbox (badness 10000) in paragraph at lines 18--18
\OT1/cmr/m/n/10 Ausgabe:
 []

===> dbg String: Beginn \block@nss
===> dbg Count:  \ydepth@nss = -8997
===> dbg Count:  (original) \TextBoxHt@nss = 38.57942pt
===> dbg Count:  (korrigiert) \TextBoxHt@nss = 38.57942pt
===> dbg Count:  (skaliert) \TextBoxHt@nss = 0.20662pt
===> dbg Coord:  (Ursprung) (\x@nss, \y@nss) = (50000, -21275)
===> dbg Coord:  (Breite, Hoehe) (\xsize@nss, \ydepth@nss) = (25000, 13541)
===> dbg String: Ende \@assign
===> dbg Coord:  (Ursprung) (\x@nss, \y@nss) = (50000, -21275)
===> dbg String: Beginn \@assign
===> dbg Coord:  (Ursprung) (\x@nss, \y@nss) = (50000, -21275)
===> dbg Count:  (Breite) \xsize@nss = 25000
===> dbg String: Beginn \set@nss
===> dbg String: Beginn \block@nss
===> dbg Count:  \ydepth@nss = 13541
===> dbg Count:  (original) \TextBoxHt@nss = 14.57942pt
===> dbg Count:  (korrigiert) \TextBoxHt@nss = 14.57942pt
===> dbg Count:  (skaliert) \TextBoxHt@nss = 0.07808pt
===> dbg Coord:  (Ursprung) (\x@nss, \y@nss) = (50000, -26392)
===> dbg Coord:  (Breite, Hoehe) (\xsize@nss, \ydepth@nss) = (25000, 5117)
===> dbg String: Ende \@assign
===> dbg Coord:  (Ursprung) (\x@nss, \y@nss) = (50000, -26392)
===> dbg String: \change
===> dbg String: Ende \str@kt
===> dbg String: Beginn \str@kt
===> dbg String: rectangle size
===> dbg Coord:  (Ursprung) (\x@nss, \y@nss) = (75000, -7734)
===> dbg Count:  (Breite) \xsize@nss = 25000
===> dbg String: Beginn \@assign
===> dbg Coord:  (Ursprung) (\x@nss, \y@nss) = (75000, -7734)
===> dbg Count:  (Breite) \xsize@nss = 25000
===> dbg String: Beginn \set@nss

Underfull \hbox (badness 10000) in paragraph at lines 21--21
\OT1/cmr/m/n/10 Ausgabe:
 []

===> dbg String: Beginn \block@nss
===> dbg Count:  \ydepth@nss = -26392
===> dbg Count:  (original) \TextBoxHt@nss = 38.57942pt
===> dbg Count:  (korrigiert) \TextBoxHt@nss = 38.57942pt
===> dbg Count:  (skaliert) \TextBoxHt@nss = 0.20662pt
===> dbg Coord:  (Ursprung) (\x@nss, \y@nss) = (75000, -21275)
===> dbg Coord:  (Breite, Hoehe) (\xsize@nss, \ydepth@nss) = (25000, 13541)
===> dbg String: Ende \@assign
===> dbg Coord:  (Ursprung) (\x@nss, \y@nss) = (75000, -21275)
===> dbg String: Beginn \@assign
===> dbg Coord:  (Ursprung) (\x@nss, \y@nss) = (75000, -21275)
===> dbg Count:  (Breite) \xsize@nss = 25000
===> dbg String: Beginn \set@nss
===> dbg String: Beginn \block@nss
===> dbg Count:  \ydepth@nss = 13541
===> dbg Count:  (original) \TextBoxHt@nss = 14.57942pt
===> dbg Count:  (korrigiert) \TextBoxHt@nss = 14.57942pt
===> dbg Count:  (skaliert) \TextBoxHt@nss = 0.07808pt
===> dbg Coord:  (Ursprung) (\x@nss, \y@nss) = (75000, -26392)
===> dbg Coord:  (Breite, Hoehe) (\xsize@nss, \ydepth@nss) = (25000, 5117)
===> dbg String: Ende \@assign
===> dbg Coord:  (Ursprung) (\x@nss, \y@nss) = (75000, -26392)
===> dbg String: Beginn \ifend@nss
===> dbg String: Ende \ifend@nss
===> dbg String: Beginn \ifend@nss
LaTeX Font Info:    External font `cmex10' loaded for size
(Font)              <7> on input line 25.
LaTeX Font Info:    External font `cmex10' loaded for size
(Font)              <5> on input line 25.
LaTeX Font Info:    Try loading font information for U+msb on input line 25.
(/usr/local/texlive/2016/texmf-dist/tex/latex/amsfonts/umsb.fd
File: umsb.fd 2013/01/14 v3.01 AMS symbols B
)
===> dbg String: Ende \ifend@nss
===> dbg String: Ende \str@kt

Overfull \hbox (0.8118pt too wide) in paragraph at lines 26--26
[][] 
 []

[1

{/usr/local/texlive/2016/texmf-var/fonts/map/pdftex/updmap/pdftex.map}]
(/Users/ashura/Documents/Projects/HF-ICT/OOP1/Aufgabe 9/Vorzeichen/out/struktog
ramm.aux) ) 
Here is how much of TeX's memory you used:
 1433 strings out of 493014
 18871 string characters out of 6133351
 81445 words of memory out of 5000000
 5004 multiletter control sequences out of 15000+600000
 5477 words of font info for 21 fonts, out of 8000000 for 9000
 1141 hyphenation exceptions out of 8191
 32i,11n,23p,220b,315s stack positions out of 5000i,500n,10000p,200000b,80000s
</usr/local/texlive/2016/texmf-dist/fonts/type1/public/amsfonts/cm/c
mr10.pfb></usr/local/texlive/2016/texmf-dist/fonts/type1/public/amsfonts/cm/cmt
t10.pfb></usr/local/texlive/2016/texmf-dist/fonts/type1/public/amsfonts/symbols
/msbm10.pfb>
Output written on "/Users/ashura/Documents/Projects/HF-ICT/OOP1/Aufgabe 9/Vorze
ichen/out/struktogramm.pdf" (1 page, 28927 bytes).
PDF statistics:
 20 PDF objects out of 1000 (max. 8388607)
 13 compressed objects within 1 object stream
 0 named destinations out of 1000 (max. 500000)
 1 words of extra memory for PDF output out of 10000 (max. 10000000)

