This is pdfTeX, Version 3.14159265-2.6-1.40.17 (TeX Live 2016) (preloaded format=pdflatex 2017.3.14)  19 SEP 2017 09:25
entering extended mode
 restricted \write18 enabled.
 file:line:error style messages enabled.
 %&-line parsing enabled.
**struktogramm.tex
(./struktogramm.tex
LaTeX2e <2016/03/31>
Babel <3.9r> and hyphenation patterns for 83 language(s) loaded.
(/usr/local/texlive/2016/texmf-dist/tex/latex/base/article.cls
Document Class: article 2014/09/29 v1.4h Standard LaTeX document class
(/usr/local/texlive/2016/texmf-dist/tex/latex/base/size10.clo
File: size10.clo 2014/09/29 v1.4h Standard LaTeX file (size option)
)
\c@part=\count79
\c@section=\count80
\c@subsection=\count81
\c@subsubsection=\count82
\c@paragraph=\count83
\c@subparagraph=\count84
\c@figure=\count85
\c@table=\count86
\abovecaptionskip=\skip41
\belowcaptionskip=\skip42
\bibindent=\dimen102
)
(/usr/local/texlive/2016/texmf-dist/tex/latex/struktex/struktex.sty
Package: struktex 2012/04/10 v141  Nassi Shneiderman Charts (Jobst Hoffmann)

(/usr/local/texlive/2016/texmf-dist/tex/latex/base/ifthen.sty
Package: ifthen 2014/09/29 v1.1c Standard LaTeX ifthen package (DPC)
)
(/usr/local/texlive/2016/texmf-dist/tex/latex/struktex/struktxf.sty
Package: struktxf 2012/04/10 v141  Fonts for Nassi Shneiderman Charts (Jobst Ho
ffmann)
\symitalics=\mathgroup4
\symAMSb=\mathgroup5
)
(/usr/local/texlive/2016/texmf-dist/tex/latex/struktex/struktxp.sty
Package: struktxp 2012/04/10 v141  Keywords for Nassi Shneiderman Charts (Jobst
 Hoffmann)

(/usr/local/texlive/2016/texmf-dist/tex/latex/url/url.sty
\Urlmuskip=\muskip10
Package: url 2013/09/16  ver 3.4  Verb mode for urls, etc.
))
(/usr/local/texlive/2016/texmf-dist/tex/latex/pict2e/pict2e.sty
Package: pict2e 2016/02/05 v0.3b Improved picture commands (HjG,RN,JT)

(/usr/local/texlive/2016/texmf-dist/tex/latex/pict2e/pict2e.cfg
File: pict2e.cfg 2016/02/05 v0.1u pict2e configuration for teTeX/TeXLive
)
Package pict2e Info: Driver file: pdftex.def on input line 119.

(/usr/local/texlive/2016/texmf-dist/tex/latex/pdftex-def/pdftex.def
File: pdftex.def 2011/05/27 v0.06d Graphics/color for pdfTeX

(/usr/local/texlive/2016/texmf-dist/tex/generic/oberdiek/infwarerr.sty
Package: infwarerr 2016/05/16 v1.4 Providing info/warning/error messages (HO)
)
(/usr/local/texlive/2016/texmf-dist/tex/generic/oberdiek/ltxcmds.sty
Package: ltxcmds 2016/05/16 v1.23 LaTeX kernel commands for general use (HO)
)
\Gread@gobject=\count87
)
Package pict2e Info: Driver file for pict2e: p2e-pdftex.def on input line 121.

(/usr/local/texlive/2016/texmf-dist/tex/latex/pict2e/p2e-pdftex.def
File: p2e-pdftex.def 2016/02/05 v0.1u Driver-dependant file (RN,HjG,JT)
)
(/usr/local/texlive/2016/texmf-dist/tex/latex/graphics/trig.sty
Package: trig 2016/01/03 v1.10 sin cos tan (DPC)
)
\pIIe@GRAPH=\toks14
\@arclen=\dimen103
\@arcrad=\dimen104
\@tempdimd=\dimen105
)
\savelength@nss=\dimen106
\gx@nss=\count88
\gy@nss=\count89
\gsize@nss=\count90
\TextBox@nss=\box26
\TextBoxHt@nss=\dimen107
\descriptionindent=\skip43
\descriptionwidth=\skip44
\descriptionsep=\skip45
\descriptionwidth@nss=\skip46
\indentmeasure@nss=\dimen108
\indentmeasureright@nss=\dimen109
\thisindent@nss=\dimen110
\thisindentright@nss=\dimen111
\thislength@nss=\dimen112
\CenterBox@nss=\box27
)
(/usr/local/texlive/2016/texmf-dist/tex/latex/base/inputenc.sty
Package: inputenc 2015/03/17 v1.2c Input encoding file
\inpenc@prehook=\toks15
\inpenc@posthook=\toks16

(/usr/local/texlive/2016/texmf-dist/tex/latex/base/applemac.def
File: applemac.def 2015/03/17 v1.2c Input encoding file
))
(/usr/local/texlive/2016/texmf-dist/tex/latex/geometry/geometry.sty
Package: geometry 2010/09/12 v5.6 Page Geometry

(/usr/local/texlive/2016/texmf-dist/tex/latex/graphics/keyval.sty
Package: keyval 2014/10/28 v1.15 key=value parser (DPC)
\KV@toks@=\toks17
)
(/usr/local/texlive/2016/texmf-dist/tex/generic/oberdiek/ifpdf.sty
Package: ifpdf 2016/05/14 v3.1 Provides the ifpdf switch
)
(/usr/local/texlive/2016/texmf-dist/tex/generic/oberdiek/ifvtex.sty
Package: ifvtex 2016/05/16 v1.6 Detect VTeX and its facilities (HO)
Package ifvtex Info: VTeX not detected.
)
(/usr/local/texlive/2016/texmf-dist/tex/generic/ifxetex/ifxetex.sty
Package: ifxetex 2010/09/12 v0.6 Provides ifxetex conditional
)
\Gm@cnth=\count91
\Gm@cntv=\count92
\c@Gm@tempcnt=\count93
\Gm@bindingoffset=\dimen113
\Gm@wd@mp=\dimen114
\Gm@odd@mp=\dimen115
\Gm@even@mp=\dimen116
\Gm@layoutwidth=\dimen117
\Gm@layoutheight=\dimen118
\Gm@layouthoffset=\dimen119
\Gm@layoutvoffset=\dimen120
\Gm@dimlist=\toks18
)
(/Users/ashura/Documents/Projects/HF-ICT/OOP1/Aufgabe 8/Kleinste Zahl/out/struk
togramm.aux)
\openout1 = `struktogramm.aux'.

LaTeX Font Info:    Checking defaults for OML/cmm/m/it on input line 7.
LaTeX Font Info:    ... okay on input line 7.
LaTeX Font Info:    Checking defaults for T1/cmr/m/n on input line 7.
LaTeX Font Info:    ... okay on input line 7.
LaTeX Font Info:    Checking defaults for OT1/cmr/m/n on input line 7.
LaTeX Font Info:    ... okay on input line 7.
LaTeX Font Info:    Checking defaults for OMS/cmsy/m/n on input line 7.
LaTeX Font Info:    ... okay on input line 7.
LaTeX Font Info:    Checking defaults for OMX/cmex/m/n on input line 7.
LaTeX Font Info:    ... okay on input line 7.
LaTeX Font Info:    Checking defaults for U/cmr/m/n on input line 7.
LaTeX Font Info:    ... okay on input line 7.

(/usr/local/texlive/2016/texmf-dist/tex/context/base/mkii/supp-pdf.mkii
[Loading MPS to PDF converter (version 2006.09.02).]
\scratchcounter=\count94
\scratchdimen=\dimen121
\scratchbox=\box28
\nofMPsegments=\count95
\nofMParguments=\count96
\everyMPshowfont=\toks19
\MPscratchCnt=\count97
\MPscratchDim=\dimen122
\MPnumerator=\count98
\makeMPintoPDFobject=\count99
\everyMPtoPDFconversion=\toks20
)
*geometry* driver: auto-detecting
*geometry* detected driver: pdftex
*geometry* verbose mode - [ preamble ] result:
* driver: pdftex
* paper: <default>
* layout: <same size as paper>
* layoutoffset:(h,v)=(0.0pt,0.0pt)
* modes: landscape 
* h-part:(L,W,R)=(119.2467pt, 556.47656pt, 119.24672pt)
* v-part:(T,H,B)=(73.71613pt, 430.00462pt, 110.57425pt)
* \paperwidth=794.96999pt
* \paperheight=614.295pt
* \textwidth=556.47656pt
* \textheight=430.00462pt
* \oddsidemargin=46.97672pt
* \evensidemargin=46.97672pt
* \topmargin=-35.55386pt
* \headheight=12.0pt
* \headsep=25.0pt
* \topskip=10.0pt
* \footskip=30.0pt
* \marginparwidth=65.0pt
* \marginparsep=11.0pt
* \columnsep=10.0pt
* \skip\footins=9.0pt plus 4.0pt minus 2.0pt
* \hoffset=0.0pt
* \voffset=0.0pt
* \mag=1000
* \@twocolumnfalse
* \@twosidefalse
* \@mparswitchfalse
* \@reversemarginfalse
* (1in=72.27pt=25.4mm, 1cm=28.453pt)

===> dbg String: Beginn \str@kt
===> dbg String: rectangle size
===> dbg Coord:  (Ursprung) (\x@nss, \y@nss) = (0, 40000)
===> dbg Count:  (Breite) \xsize@nss = 200000
===> dbg String: Beginn \@assign
===> dbg Coord:  (Ursprung) (\x@nss, \y@nss) = (0, 40000)
===> dbg Count:  (Breite) \xsize@nss = 200000
===> dbg String: Beginn \set@nss
===> dbg String: Beginn \block@nss
===> dbg Count:  \ydepth@nss = 0
===> dbg Count:  (original) \TextBoxHt@nss = 14.57942pt
===> dbg Count:  (korrigiert) \TextBoxHt@nss = 14.57942pt
===> dbg Count:  (skaliert) \TextBoxHt@nss = 0.07808pt
===> dbg Coord:  (Ursprung) (\x@nss, \y@nss) = (0, 34883)
===> dbg Coord:  (Breite, Hoehe) (\xsize@nss, \ydepth@nss) = (200000, 5117)
===> dbg String: Ende \@assign
===> dbg Coord:  (Ursprung) (\x@nss, \y@nss) = (0, 34883)
===> dbg String: Beginn \@assign
===> dbg Coord:  (Ursprung) (\x@nss, \y@nss) = (0, 34883)
===> dbg Count:  (Breite) \xsize@nss = 200000
===> dbg String: Beginn \set@nss
===> dbg String: Beginn \block@nss
===> dbg Count:  \ydepth@nss = 5117
===> dbg Count:  (original) \TextBoxHt@nss = 14.57942pt
===> dbg Count:  (korrigiert) \TextBoxHt@nss = 14.57942pt
===> dbg Count:  (skaliert) \TextBoxHt@nss = 0.07808pt
===> dbg Coord:  (Ursprung) (\x@nss, \y@nss) = (0, 29766)
===> dbg Coord:  (Breite, Hoehe) (\xsize@nss, \ydepth@nss) = (200000, 5117)
===> dbg String: Ende \@assign
===> dbg Coord:  (Ursprung) (\x@nss, \y@nss) = (0, 29766)
===> dbg String: Beginn \@assign
===> dbg Coord:  (Ursprung) (\x@nss, \y@nss) = (0, 29766)
===> dbg Count:  (Breite) \xsize@nss = 200000
===> dbg String: Beginn \set@nss
===> dbg String: Beginn \block@nss
===> dbg Count:  \ydepth@nss = 5117
===> dbg Count:  (original) \TextBoxHt@nss = 14.57942pt
===> dbg Count:  (korrigiert) \TextBoxHt@nss = 14.57942pt
===> dbg Count:  (skaliert) \TextBoxHt@nss = 0.07808pt
===> dbg Coord:  (Ursprung) (\x@nss, \y@nss) = (0, 24649)
===> dbg Coord:  (Breite, Hoehe) (\xsize@nss, \ydepth@nss) = (200000, 5117)
===> dbg String: Ende \@assign
===> dbg Coord:  (Ursprung) (\x@nss, \y@nss) = (0, 24649)
===> dbg String: Beginn \@assign
===> dbg Coord:  (Ursprung) (\x@nss, \y@nss) = (0, 24649)
===> dbg Count:  (Breite) \xsize@nss = 200000
===> dbg String: Beginn \set@nss
===> dbg String: Beginn \block@nss
===> dbg Count:  \ydepth@nss = 5117
===> dbg Count:  (original) \TextBoxHt@nss = 14.57942pt
===> dbg Count:  (korrigiert) \TextBoxHt@nss = 14.57942pt
===> dbg Count:  (skaliert) \TextBoxHt@nss = 0.07808pt
===> dbg Coord:  (Ursprung) (\x@nss, \y@nss) = (0, 19532)
===> dbg Coord:  (Breite, Hoehe) (\xsize@nss, \ydepth@nss) = (200000, 5117)
===> dbg String: Ende \@assign
===> dbg Coord:  (Ursprung) (\x@nss, \y@nss) = (0, 19532)
===> dbg String: Beginn \@assign
===> dbg Coord:  (Ursprung) (\x@nss, \y@nss) = (0, 19532)
===> dbg Count:  (Breite) \xsize@nss = 200000
===> dbg String: Beginn \set@nss
===> dbg String: Beginn \block@nss
===> dbg Count:  \ydepth@nss = 5117
===> dbg Count:  (original) \TextBoxHt@nss = 14.57942pt
===> dbg Count:  (korrigiert) \TextBoxHt@nss = 14.57942pt
===> dbg Count:  (skaliert) \TextBoxHt@nss = 0.07808pt
===> dbg Coord:  (Ursprung) (\x@nss, \y@nss) = (0, 14415)
===> dbg Coord:  (Breite, Hoehe) (\xsize@nss, \ydepth@nss) = (200000, 5117)
===> dbg String: Ende \@assign
===> dbg Coord:  (Ursprung) (\x@nss, \y@nss) = (0, 14415)
===> dbg String: Beginn \@assign
===> dbg Coord:  (Ursprung) (\x@nss, \y@nss) = (0, 14415)
===> dbg Count:  (Breite) \xsize@nss = 200000
===> dbg String: Beginn \set@nss
===> dbg String: Beginn \block@nss
===> dbg Count:  \ydepth@nss = 5117
===> dbg Count:  (original) \TextBoxHt@nss = 14.57942pt
===> dbg Count:  (korrigiert) \TextBoxHt@nss = 14.57942pt
===> dbg Count:  (skaliert) \TextBoxHt@nss = 0.07808pt
===> dbg Coord:  (Ursprung) (\x@nss, \y@nss) = (0, 9298)
===> dbg Coord:  (Breite, Hoehe) (\xsize@nss, \ydepth@nss) = (200000, 5117)
===> dbg String: Ende \@assign
===> dbg Coord:  (Ursprung) (\x@nss, \y@nss) = (0, 9298)
===> dbg String: Beginn \@assign
===> dbg Coord:  (Ursprung) (\x@nss, \y@nss) = (0, 9298)
===> dbg Count:  (Breite) \xsize@nss = 200000
===> dbg String: Beginn \set@nss
===> dbg String: Beginn \block@nss
===> dbg Count:  \ydepth@nss = 5117
===> dbg Count:  (original) \TextBoxHt@nss = 14.57942pt
===> dbg Count:  (korrigiert) \TextBoxHt@nss = 14.57942pt
===> dbg Count:  (skaliert) \TextBoxHt@nss = 0.07808pt
===> dbg Coord:  (Ursprung) (\x@nss, \y@nss) = (0, 4181)
===> dbg Coord:  (Breite, Hoehe) (\xsize@nss, \ydepth@nss) = (200000, 5117)
===> dbg String: Ende \@assign
===> dbg Coord:  (Ursprung) (\x@nss, \y@nss) = (0, 4181)
===> dbg String: Beginn \@ifthenelse@nss

Overfull \hbox (17.22227pt too wide) in paragraph at lines 18--18
[]\OT1/cmr/m/n/10 .0pt 
 []


Underfull \hbox (badness 10000) in paragraph at lines 18--18
 |\OT1/cmr/m/n/10 Ist num1 gr^^?osser als num2? 
 []

===> dbg String: Beginn \str@kt
===> dbg String: rectangle size
===> dbg Coord:  (Ursprung) (\x@nss, \y@nss) = (0, -45819)
===> dbg Count:  (Breite) \xsize@nss = 100000
===> dbg String: Ende \@ifthenelse@nss
===> dbg String: Beginn \@ifthenelse@nss

Overfull \hbox (17.22227pt too wide) in paragraph at lines 21--21
[]\OT1/cmr/m/n/10 .0pt 
 []


Underfull \hbox (badness 1874) in paragraph at lines 21--21
 |\OT1/cmr/m/n/10 Ist num2 gr^^?osser als num3? 
 []

===> dbg String: Beginn \str@kt
===> dbg String: rectangle size
===> dbg Coord:  (Ursprung) (\x@nss, \y@nss) = (0, -70819)
===> dbg Count:  (Breite) \xsize@nss = 50000
===> dbg String: Ende \@ifthenelse@nss
===> dbg String: Beginn \@assign
===> dbg Coord:  (Ursprung) (\x@nss, \y@nss) = (0, -70819)
===> dbg Count:  (Breite) \xsize@nss = 50000
===> dbg String: Beginn \set@nss

Underfull \hbox (badness 10000) in paragraph at lines 22--22
\OT1/cmr/m/n/10 "Die kle-in-ste Zahl ist
 []

===> dbg String: Beginn \block@nss
===> dbg Count:  \ydepth@nss = 5117
===> dbg Count:  (original) \TextBoxHt@nss = 24.63498pt
===> dbg Count:  (korrigiert) \TextBoxHt@nss = 24.63498pt
===> dbg Count:  (skaliert) \TextBoxHt@nss = 0.13193pt
===> dbg Coord:  (Ursprung) (\x@nss, \y@nss) = (0, -79465)
===> dbg Coord:  (Breite, Hoehe) (\xsize@nss, \ydepth@nss) = (50000, 8646)
===> dbg String: Ende \@assign
===> dbg Coord:  (Ursprung) (\x@nss, \y@nss) = (0, -79465)
===> dbg String: \change
===> dbg String: Ende \str@kt
===> dbg String: Beginn \str@kt
===> dbg String: rectangle size
===> dbg Coord:  (Ursprung) (\x@nss, \y@nss) = (50000, -70819)
===> dbg Count:  (Breite) \xsize@nss = 50000
===> dbg String: Beginn \@assign
===> dbg Coord:  (Ursprung) (\x@nss, \y@nss) = (50000, -70819)
===> dbg Count:  (Breite) \xsize@nss = 50000
===> dbg String: Beginn \set@nss

Underfull \hbox (badness 10000) in paragraph at lines 24--24
\OT1/cmr/m/n/10 "Die kle-in-ste Zahl ist
 []

===> dbg String: Beginn \block@nss
===> dbg Count:  \ydepth@nss = -79465
===> dbg Count:  (original) \TextBoxHt@nss = 24.63498pt
===> dbg Count:  (korrigiert) \TextBoxHt@nss = 24.63498pt
===> dbg Count:  (skaliert) \TextBoxHt@nss = 0.13193pt
===> dbg Coord:  (Ursprung) (\x@nss, \y@nss) = (50000, -79465)
===> dbg Coord:  (Breite, Hoehe) (\xsize@nss, \ydepth@nss) = (50000, 8646)
===> dbg String: Ende \@assign
===> dbg Coord:  (Ursprung) (\x@nss, \y@nss) = (50000, -79465)
===> dbg String: Beginn \ifend@nss
===> dbg String: Ende \ifend@nss
===> dbg String: \change
===> dbg String: Ende \str@kt
===> dbg String: Beginn \str@kt
===> dbg String: rectangle size
===> dbg Coord:  (Ursprung) (\x@nss, \y@nss) = (100000, -45819)
===> dbg Count:  (Breite) \xsize@nss = 100000
===> dbg String: Beginn \@ifthenelse@nss

Overfull \hbox (17.22227pt too wide) in paragraph at lines 30--30
[]\OT1/cmr/m/n/10 .0pt 
 []


Underfull \hbox (badness 1874) in paragraph at lines 30--30
 |\OT1/cmr/m/n/10 Ist num1 gr^^?osser als num3? 
 []

===> dbg String: Beginn \str@kt
===> dbg String: rectangle size
===> dbg Coord:  (Ursprung) (\x@nss, \y@nss) = (100000, -70819)
===> dbg Count:  (Breite) \xsize@nss = 50000
===> dbg String: Ende \@ifthenelse@nss
===> dbg String: Beginn \@assign
===> dbg Coord:  (Ursprung) (\x@nss, \y@nss) = (100000, -70819)
===> dbg Count:  (Breite) \xsize@nss = 50000
===> dbg String: Beginn \set@nss

Underfull \hbox (badness 10000) in paragraph at lines 31--31
\OT1/cmr/m/n/10 "Die kle-in-ste Zahl ist
 []

===> dbg String: Beginn \block@nss
===> dbg Count:  \ydepth@nss = -79465
===> dbg Count:  (original) \TextBoxHt@nss = 24.63498pt
===> dbg Count:  (korrigiert) \TextBoxHt@nss = 24.63498pt
===> dbg Count:  (skaliert) \TextBoxHt@nss = 0.13193pt
===> dbg Coord:  (Ursprung) (\x@nss, \y@nss) = (100000, -79465)
===> dbg Coord:  (Breite, Hoehe) (\xsize@nss, \ydepth@nss) = (50000, 8646)
===> dbg String: Ende \@assign
===> dbg Coord:  (Ursprung) (\x@nss, \y@nss) = (100000, -79465)
===> dbg String: \change
===> dbg String: Ende \str@kt
===> dbg String: Beginn \str@kt
===> dbg String: rectangle size
===> dbg Coord:  (Ursprung) (\x@nss, \y@nss) = (150000, -70819)
===> dbg Count:  (Breite) \xsize@nss = 50000
===> dbg String: Beginn \@assign
===> dbg Coord:  (Ursprung) (\x@nss, \y@nss) = (150000, -70819)
===> dbg Count:  (Breite) \xsize@nss = 50000
===> dbg String: Beginn \set@nss

Underfull \hbox (badness 10000) in paragraph at lines 33--33
\OT1/cmr/m/n/10 "Die kle-in-ste Zahl ist
 []

===> dbg String: Beginn \block@nss
===> dbg Count:  \ydepth@nss = -79465
===> dbg Count:  (original) \TextBoxHt@nss = 24.63498pt
===> dbg Count:  (korrigiert) \TextBoxHt@nss = 24.63498pt
===> dbg Count:  (skaliert) \TextBoxHt@nss = 0.13193pt
===> dbg Coord:  (Ursprung) (\x@nss, \y@nss) = (150000, -79465)
===> dbg Coord:  (Breite, Hoehe) (\xsize@nss, \ydepth@nss) = (50000, 8646)
===> dbg String: Ende \@assign
===> dbg Coord:  (Ursprung) (\x@nss, \y@nss) = (150000, -79465)
===> dbg String: Beginn \ifend@nss
===> dbg String: Ende \ifend@nss
===> dbg String: Beginn \ifend@nss
===> dbg String: Ende \ifend@nss
===> dbg String: Ende \str@kt

Overfull \hbox (1.6236pt too wide) in paragraph at lines 37--37
[][] 
 []

LaTeX Font Info:    External font `cmex10' loaded for size
(Font)              <7> on input line 37.
LaTeX Font Info:    External font `cmex10' loaded for size
(Font)              <5> on input line 37.
LaTeX Font Info:    Try loading font information for U+msb on input line 37.
(/usr/local/texlive/2016/texmf-dist/tex/latex/amsfonts/umsb.fd
File: umsb.fd 2013/01/14 v3.01 AMS symbols B
)
Overfull \hbox (27.57855pt too wide) in paragraph at lines 9--38
[]$[]$ 
 []

[1

{/usr/local/texlive/2016/texmf-var/fonts/map/pdftex/updmap/pdftex.map}]
(/Users/ashura/Documents/Projects/HF-ICT/OOP1/Aufgabe 8/Kleinste Zahl/out/struk
togramm.aux) ) 
Here is how much of TeX's memory you used:
 2003 strings out of 493014
 27531 string characters out of 6133351
 99779 words of memory out of 5000000
 5551 multiletter control sequences out of 15000+600000
 5477 words of font info for 21 fonts, out of 8000000 for 9000
 1141 hyphenation exceptions out of 8191
 32i,12n,23p,251b,320s stack positions out of 5000i,500n,10000p,200000b,80000s
</usr/local/texlive/2016/texmf-dist/fonts/type1/public/amsfonts/c
m/cmr10.pfb></usr/local/texlive/2016/texmf-dist/fonts/type1/public/amsfonts/cm/
cmtt10.pfb>
Output written on "/Users/ashura/Documents/Projects/HF-ICT/OOP1/Aufgabe 8/Klein
ste Zahl/out/struktogramm.pdf" (1 page, 26151 bytes).
PDF statistics:
 16 PDF objects out of 1000 (max. 8388607)
 10 compressed objects within 1 object stream
 0 named destinations out of 1000 (max. 500000)
 1 words of extra memory for PDF output out of 10000 (max. 10000000)

